<?xml version="1.0" encoding="UTF-8"?>
<testng-results skipped="0" failed="0" ignored="0" total="1" passed="1">
  <reporter-output>
  </reporter-output>
  <suite name="Default suite" duration-ms="631" started-at="2017-07-10T15:16:55Z" finished-at="2017-07-10T15:16:56Z">
    <groups>
    </groups>
    <test name="Default test" duration-ms="631" started-at="2017-07-10T15:16:55Z" finished-at="2017-07-10T15:16:56Z">
      <class name="TESTNGpackage.writeExcel">
        <test-method status="PASS" signature="FileWrite()[pri:0, instance:TESTNGpackage.writeExcel@4c70fda8]" name="FileWrite" duration-ms="600" started-at="2017-07-10T20:46:55Z" finished-at="2017-07-10T20:46:56Z">
          <reporter-output>
          </reporter-output>
        </test-method> <!-- FileWrite -->
      </class> <!-- TESTNGpackage.writeExcel -->
    </test> <!-- Default test -->
  </suite> <!-- Default suite -->
</testng-results>
